# JRE version: Java(TM) SE Runtime Environment (17.0.12+8) (build 17.0.12+8-LTS-286)
# Java VM: Java HotSpot(TM) 64-Bit Server VM (17.0.12+8-LTS-286, mixed mode, sharing, tiered, compressed oops, compressed class ptrs, g1 gc, windows-amd64)
GC Precious Log:
 CPUs: 4 total, 4 available
 Memory: 3661M
 Large Page Support: Disabled
 NUMA Support: Disabled
 Compressed Oops: Enabled (32-bit)
 Heap Region Size: 1M
 Heap Min Capacity: 8M
 Heap Initial Capacity: 58M
 Heap Max Capacity: 916M
 Pre-touch: Disabled
 Parallel Workers: 4
 Concurrent Workers: 1
 Concurrent Refinement Workers: 4
 Periodic GC: Disabled
Heap:
 garbage-first heap   total 551936K, used 339968K [0x00000000c6c00000, 0x0000000100000000)
  region size 1024K, 137 young (140288K), 17 survivors (17408K)
 Metaspace       used 90007K, committed 91648K, reserved 1179648K
  class space    used 13119K, committed 13888K, reserved 1048576K
GC Heap History (20 events):
Event: 179.274 GC heap before
{Heap before GC invocations=41 (full 0):
 garbage-first heap   total 215040K, used 177787K [0x00000000c6c00000, 0x0000000100000000)
  region size 1024K, 60 young (61440K), 2 survivors (2048K)
 Metaspace       used 48153K, committed 49536K, reserved 1114112K
  class space    used 6135K, committed 6720K, reserved 1048576K
}
Event: 179.289 GC heap after
{Heap after GC invocations=42 (full 0):
 garbage-first heap   total 215040K, used 124859K [0x00000000c6c00000, 0x0000000100000000)
  region size 1024K, 8 young (8192K), 8 survivors (8192K)
 Metaspace       used 48153K, committed 49536K, reserved 1114112K
  class space    used 6135K, committed 6720K, reserved 1048576K
}
Event: 179.632 GC heap before
{Heap before GC invocations=42 (full 0):
 garbage-first heap   total 293888K, used 178107K [0x00000000c6c00000, 0x0000000100000000)
  region size 1024K, 60 young (61440K), 8 survivors (8192K)
 Metaspace       used 48155K, committed 49536K, reserved 1114112K
  class space    used 6135K, committed 6720K, reserved 1048576K
}
Event: 179.658 GC heap after
{Heap after GC invocations=43 (full 0):
 garbage-first heap   total 293888K, used 130845K [0x00000000c6c00000, 0x0000000100000000)
  region size 1024K, 6 young (6144K), 6 survivors (6144K)
 Metaspace       used 48155K, committed 49536K, reserved 1114112K
  class space    used 6135K, committed 6720K, reserved 1048576K
}
Event: 182.174 GC heap before
{Heap before GC invocations=44 (full 0):
 garbage-first heap   total 293888K, used 235293K [0x00000000c6c00000, 0x0000000100000000)
  region size 1024K, 108 young (110592K), 6 survivors (6144K)
 Metaspace       used 48728K, committed 50048K, reserved 1114112K
  class space    used 6211K, committed 6784K, reserved 1048576K
}
Event: 182.200 GC heap after
{Heap after GC invocations=45 (full 0):
 garbage-first heap   total 293888K, used 140907K [0x00000000c6c00000, 0x0000000100000000)
  region size 1024K, 14 young (14336K), 14 survivors (14336K)
 Metaspace       used 48728K, committed 50048K, reserved 1114112K
  class space    used 6211K, committed 6784K, reserved 1048576K
}
Event: 182.203 GC heap before
{Heap before GC invocations=45 (full 0):
 garbage-first heap   total 293888K, used 141931K [0x00000000c6c00000, 0x0000000100000000)
  region size 1024K, 15 young (15360K), 14 survivors (14336K)
 Metaspace       used 48728K, committed 50048K, reserved 1114112K
  class space    used 6211K, committed 6784K, reserved 1048576K
}
Event: 182.225 GC heap after
{Heap after GC invocations=46 (full 0):
 garbage-first heap   total 293888K, used 142121K [0x00000000c6c00000, 0x0000000100000000)
  region size 1024K, 2 young (2048K), 2 survivors (2048K)
 Metaspace       used 48728K, committed 50048K, reserved 1114112K
  class space    used 6211K, committed 6784K, reserved 1048576K
}
Event: 190.786 GC heap before
{Heap before GC invocations=46 (full 0):
 garbage-first heap   total 293888K, used 207657K [0x00000000c6c00000, 0x0000000100000000)
  region size 1024K, 67 young (68608K), 2 survivors (2048K)
 Metaspace       used 52280K, committed 53632K, reserved 1114112K
  class space    used 6773K, committed 7360K, reserved 1048576K
}
Event: 190.803 GC heap after
{Heap after GC invocations=47 (full 0):
 garbage-first heap   total 551936K, used 144482K [0x00000000c6c00000, 0x0000000100000000)
  region size 1024K, 5 young (5120K), 5 survivors (5120K)
 Metaspace       used 52280K, committed 53632K, reserved 1114112K
  class space    used 6773K, committed 7360K, reserved 1048576K
}
Event: 218.331 GC heap before
{Heap before GC invocations=47 (full 0):
 garbage-first heap   total 551936K, used 410722K [0x00000000c6c00000, 0x0000000100000000)
  region size 1024K, 263 young (269312K), 5 survivors (5120K)
 Metaspace       used 67169K, committed 68672K, reserved 1114112K
  class space    used 9889K, committed 10560K, reserved 1048576K
}
Event: 218.373 GC heap after
{Heap after GC invocations=48 (full 0):
 garbage-first heap   total 551936K, used 166448K [0x00000000c6c00000, 0x0000000100000000)
  region size 1024K, 26 young (26624K), 26 survivors (26624K)
 Metaspace       used 67169K, committed 68672K, reserved 1114112K
  class space    used 9889K, committed 10560K, reserved 1048576K
}
Event: 244.193 GC heap before
{Heap before GC invocations=48 (full 0):
 garbage-first heap   total 551936K, used 326192K [0x00000000c6c00000, 0x0000000100000000)
  region size 1024K, 183 young (187392K), 26 survivors (26624K)
 Metaspace       used 81027K, committed 82560K, reserved 1179648K
  class space    used 11769K, committed 12480K, reserved 1048576K
}
Event: 244.240 GC heap after
{Heap after GC invocations=49 (full 0):
 garbage-first heap   total 551936K, used 178610K [0x00000000c6c00000, 0x0000000100000000)
  region size 1024K, 13 young (13312K), 13 survivors (13312K)
 Metaspace       used 81027K, committed 82560K, reserved 1179648K
  class space    used 11769K, committed 12480K, reserved 1048576K
}
Event: 263.841 GC heap before
{Heap before GC invocations=50 (full 0):
 garbage-first heap   total 551936K, used 445874K [0x00000000c6c00000, 0x0000000100000000)
  region size 1024K, 255 young (261120K), 13 survivors (13312K)
 Metaspace       used 88319K, committed 89920K, reserved 1179648K
  class space    used 12932K, committed 13632K, reserved 1048576K
}
Event: 263.885 GC heap after
{Heap after GC invocations=51 (full 0):
 garbage-first heap   total 551936K, used 201216K [0x00000000c6c00000, 0x0000000100000000)
  region size 1024K, 32 young (32768K), 32 survivors (32768K)
 Metaspace       used 88319K, committed 89920K, reserved 1179648K
  class space    used 12932K, committed 13632K, reserved 1048576K
}
Event: 263.892 GC heap before
{Heap before GC invocations=51 (full 0):
 garbage-first heap   total 551936K, used 202240K [0x00000000c6c00000, 0x0000000100000000)
  region size 1024K, 33 young (33792K), 32 survivors (32768K)
 Metaspace       used 88324K, committed 89920K, reserved 1179648K
  class space    used 12932K, committed 13632K, reserved 1048576K
}
Event: 263.928 GC heap after
{Heap after GC invocations=52 (full 0):
 garbage-first heap   total 551936K, used 202240K [0x00000000c6c00000, 0x0000000100000000)
  region size 1024K, 2 young (2048K), 2 survivors (2048K)
 Metaspace       used 88324K, committed 89920K, reserved 1179648K
  class space    used 12932K, committed 13632K, reserved 1048576K
}
Event: 269.171 GC heap before
{Heap before GC invocations=52 (full 0):
 garbage-first heap   total 551936K, used 435712K [0x00000000c6c00000, 0x0000000100000000)
  region size 1024K, 230 young (235520K), 2 survivors (2048K)
 Metaspace       used 88719K, committed 90368K, reserved 1179648K
  class space    used 12962K, committed 13696K, reserved 1048576K
}
Event: 269.184 GC heap after
{Heap after GC invocations=53 (full 0):
 garbage-first heap   total 551936K, used 208566K [0x00000000c6c00000, 0x0000000100000000)
  region size 1024K, 8 young (8192K), 8 survivors (8192K)
 Metaspace       used 88719K, committed 90368K, reserved 1179648K
  class space    used 12962K, committed 13696K, reserved 1048576K
}

