# JRE version: Java(TM) SE Runtime Environment (17.0.12+8) (build 17.0.12+8-LTS-286)
# Java VM: Java HotSpot(TM) 64-Bit Server VM (17.0.12+8-LTS-286, mixed mode, sharing, tiered, compressed oops, compressed class ptrs, g1 gc, windows-amd64)
GC Precious Log:
 CPUs: 4 total, 4 available
 Memory: 3661M
 Large Page Support: Disabled
 NUMA Support: Disabled
 Compressed Oops: Enabled (32-bit)
 Heap Region Size: 1M
 Heap Min Capacity: 8M
 Heap Initial Capacity: 58M
 Heap Max Capacity: 916M
 Pre-touch: Disabled
 Parallel Workers: 4
 Concurrent Workers: 1
 Concurrent Refinement Workers: 4
 Periodic GC: Disabled
Heap:
 garbage-first heap   total 135168K, used 97280K [0x00000000c6c00000, 0x0000000100000000)
  region size 1024K, 2 young (2048K), 2 survivors (2048K)
 Metaspace       used 943K, committed 1088K, reserved 1114112K
  class space    used 79K, committed 128K, reserved 1048576K
GC Heap History (19 events):
Event: 1.100 GC heap before
{Heap before GC invocations=0 (full 0):
 garbage-first heap   total 59392K, used 14336K [0x00000000c6c00000, 0x0000000100000000)
  region size 1024K, 13 young (13312K), 0 survivors (0K)
 Metaspace       used 841K, committed 960K, reserved 1114112K
  class space    used 70K, committed 128K, reserved 1048576K
}
Event: 1.120 GC heap after
{Heap after GC invocations=1 (full 0):
 garbage-first heap   total 59392K, used 11160K [0x00000000c6c00000, 0x0000000100000000)
  region size 1024K, 2 young (2048K), 2 survivors (2048K)
 Metaspace       used 841K, committed 960K, reserved 1114112K
  class space    used 70K, committed 128K, reserved 1048576K
}
Event: 1.150 GC heap before
{Heap before GC invocations=1 (full 0):
 garbage-first heap   total 59392K, used 19352K [0x00000000c6c00000, 0x0000000100000000)
  region size 1024K, 9 young (9216K), 2 survivors (2048K)
 Metaspace       used 842K, committed 960K, reserved 1114112K
  class space    used 70K, committed 128K, reserved 1048576K
}
Event: 1.167 GC heap after
{Heap after GC invocations=2 (full 0):
 garbage-first heap   total 59392K, used 19456K [0x00000000c6c00000, 0x0000000100000000)
  region size 1024K, 2 young (2048K), 2 survivors (2048K)
 Metaspace       used 842K, committed 960K, reserved 1114112K
  class space    used 70K, committed 128K, reserved 1048576K
}
Event: 1.437 GC heap before
{Heap before GC invocations=2 (full 0):
 garbage-first heap   total 59392K, used 29696K [0x00000000c6c00000, 0x0000000100000000)
  region size 1024K, 11 young (11264K), 2 survivors (2048K)
 Metaspace       used 937K, committed 1088K, reserved 1114112K
  class space    used 79K, committed 128K, reserved 1048576K
}
Event: 1.449 GC heap after
{Heap after GC invocations=3 (full 0):
 garbage-first heap   total 59392K, used 27136K [0x00000000c6c00000, 0x0000000100000000)
  region size 1024K, 2 young (2048K), 2 survivors (2048K)
 Metaspace       used 937K, committed 1088K, reserved 1114112K
  class space    used 79K, committed 128K, reserved 1048576K
}
Event: 1.489 GC heap before
{Heap before GC invocations=3 (full 0):
 garbage-first heap   total 59392K, used 34304K [0x00000000c6c00000, 0x0000000100000000)
  region size 1024K, 9 young (9216K), 2 survivors (2048K)
 Metaspace       used 937K, committed 1088K, reserved 1114112K
  class space    used 79K, committed 128K, reserved 1048576K
}
Event: 1.501 GC heap after
{Heap after GC invocations=4 (full 0):
 garbage-first heap   total 59392K, used 32256K [0x00000000c6c00000, 0x0000000100000000)
  region size 1024K, 2 young (2048K), 2 survivors (2048K)
 Metaspace       used 937K, committed 1088K, reserved 1114112K
  class space    used 79K, committed 128K, reserved 1048576K
}
Event: 1.550 GC heap before
{Heap before GC invocations=4 (full 0):
 garbage-first heap   total 59392K, used 38400K [0x00000000c6c00000, 0x0000000100000000)
  region size 1024K, 8 young (8192K), 2 survivors (2048K)
 Metaspace       used 937K, committed 1088K, reserved 1114112K
  class space    used 79K, committed 128K, reserved 1048576K
}
Event: 1.577 GC heap after
{Heap after GC invocations=5 (full 0):
 garbage-first heap   total 135168K, used 36293K [0x00000000c6c00000, 0x0000000100000000)
  region size 1024K, 1 young (1024K), 1 survivors (1024K)
 Metaspace       used 937K, committed 1088K, reserved 1114112K
  class space    used 79K, committed 128K, reserved 1048576K
}
Event: 1.721 GC heap before
{Heap before GC invocations=5 (full 0):
 garbage-first heap   total 135168K, used 62917K [0x00000000c6c00000, 0x0000000100000000)
  region size 1024K, 29 young (29696K), 1 survivors (1024K)
 Metaspace       used 943K, committed 1088K, reserved 1114112K
  class space    used 79K, committed 128K, reserved 1048576K
}
Event: 1.751 GC heap after
{Heap after GC invocations=6 (full 0):
 garbage-first heap   total 135168K, used 52117K [0x00000000c6c00000, 0x0000000100000000)
  region size 1024K, 4 young (4096K), 4 survivors (4096K)
 Metaspace       used 943K, committed 1088K, reserved 1114112K
  class space    used 79K, committed 128K, reserved 1048576K
}
Event: 1.776 GC heap before
{Heap before GC invocations=7 (full 0):
 garbage-first heap   total 135168K, used 74645K [0x00000000c6c00000, 0x0000000100000000)
  region size 1024K, 26 young (26624K), 4 survivors (4096K)
 Metaspace       used 943K, committed 1088K, reserved 1114112K
  class space    used 79K, committed 128K, reserved 1048576K
}
Event: 1.802 GC heap after
{Heap after GC invocations=8 (full 0):
 garbage-first heap   total 135168K, used 66560K [0x00000000c6c00000, 0x0000000100000000)
  region size 1024K, 4 young (4096K), 4 survivors (4096K)
 Metaspace       used 943K, committed 1088K, reserved 1114112K
  class space    used 79K, committed 128K, reserved 1048576K
}
Event: 1.818 GC heap before
{Heap before GC invocations=8 (full 0):
 garbage-first heap   total 135168K, used 84992K [0x00000000c6c00000, 0x0000000100000000)
  region size 1024K, 22 young (22528K), 4 survivors (4096K)
 Metaspace       used 943K, committed 1088K, reserved 1114112K
  class space    used 79K, committed 128K, reserved 1048576K
}
Event: 1.842 GC heap after
{Heap after GC invocations=9 (full 0):
 garbage-first heap   total 135168K, used 78848K [0x00000000c6c00000, 0x0000000100000000)
  region size 1024K, 3 young (3072K), 3 survivors (3072K)
 Metaspace       used 943K, committed 1088K, reserved 1114112K
  class space    used 79K, committed 128K, reserved 1048576K
}
Event: 1.871 GC heap before
{Heap before GC invocations=9 (full 0):
 garbage-first heap   total 135168K, used 94208K [0x00000000c6c00000, 0x0000000100000000)
  region size 1024K, 18 young (18432K), 3 survivors (3072K)
 Metaspace       used 943K, committed 1088K, reserved 1114112K
  class space    used 79K, committed 128K, reserved 1048576K
}
Event: 1.890 GC heap after
{Heap after GC invocations=10 (full 0):
 garbage-first heap   total 135168K, used 89600K [0x00000000c6c00000, 0x0000000100000000)
  region size 1024K, 3 young (3072K), 3 survivors (3072K)
 Metaspace       used 943K, committed 1088K, reserved 1114112K
  class space    used 79K, committed 128K, reserved 1048576K
}
Event: 1.908 GC heap before
{Heap before GC invocations=10 (full 0):
 garbage-first heap   total 135168K, used 100864K [0x00000000c6c00000, 0x0000000100000000)
  region size 1024K, 14 young (14336K), 3 survivors (3072K)
 Metaspace       used 943K, committed 1088K, reserved 1114112K
  class space    used 79K, committed 128K, reserved 1048576K
}

