# JRE version: Java(TM) SE Runtime Environment (17.0.12+8) (build 17.0.12+8-LTS-286)
# Java VM: Java HotSpot(TM) 64-Bit Server VM (17.0.12+8-LTS-286, mixed mode, sharing, tiered, compressed oops, compressed class ptrs, g1 gc, windows-amd64)
GC Precious Log:
 CPUs: 4 total, 4 available
 Memory: 3661M
 Large Page Support: Disabled
 NUMA Support: Disabled
 Compressed Oops: Enabled (Zero based)
 Heap Region Size: 2M
 Heap Min Capacity: 8M
 Heap Initial Capacity: 58M
 Heap Max Capacity: 3G
 Pre-touch: Disabled
 Parallel Workers: 4
 Concurrent Workers: 1
 Concurrent Refinement Workers: 4
 Periodic GC: Disabled
Heap:
 garbage-first heap   total 897024K, used 262144K [0x0000000740000000, 0x0000000800000000)
  region size 2048K, 3 young (6144K), 3 survivors (6144K)
 Metaspace       used 66701K, committed 67392K, reserved 1114112K
  class space    used 9351K, committed 9664K, reserved 1048576K
GC Heap History (20 events):
Event: 114.479 GC heap after
{Heap after GC invocations=57 (full 0):
 garbage-first heap   total 296960K, used 106496K [0x0000000740000000, 0x0000000800000000)
  region size 2048K, 1 young (2048K), 1 survivors (2048K)
 Metaspace       used 66581K, committed 67264K, reserved 1114112K
  class space    used 9339K, committed 9664K, reserved 1048576K
}
Event: 114.731 GC heap before
{Heap before GC invocations=57 (full 0):
 garbage-first heap   total 296960K, used 184320K [0x0000000740000000, 0x0000000800000000)
  region size 2048K, 39 young (79872K), 1 survivors (2048K)
 Metaspace       used 66587K, committed 67264K, reserved 1114112K
  class space    used 9339K, committed 9664K, reserved 1048576K
}
Event: 114.801 GC heap after
{Heap after GC invocations=58 (full 0):
 garbage-first heap   total 296960K, used 157696K [0x0000000740000000, 0x0000000800000000)
  region size 2048K, 5 young (10240K), 5 survivors (10240K)
 Metaspace       used 66587K, committed 67264K, reserved 1114112K
  class space    used 9339K, committed 9664K, reserved 1048576K
}
Event: 115.044 GC heap before
{Heap before GC invocations=59 (full 0):
 garbage-first heap   total 296960K, used 202752K [0x0000000740000000, 0x0000000800000000)
  region size 2048K, 27 young (55296K), 5 survivors (10240K)
 Metaspace       used 66683K, committed 67392K, reserved 1114112K
  class space    used 9351K, committed 9664K, reserved 1048576K
}
Event: 115.124 GC heap after
{Heap after GC invocations=60 (full 0):
 garbage-first heap   total 296960K, used 189440K [0x0000000740000000, 0x0000000800000000)
  region size 2048K, 4 young (8192K), 4 survivors (8192K)
 Metaspace       used 66683K, committed 67392K, reserved 1114112K
  class space    used 9351K, committed 9664K, reserved 1048576K
}
Event: 115.193 GC heap before
{Heap before GC invocations=60 (full 0):
 garbage-first heap   total 296960K, used 195584K [0x0000000740000000, 0x0000000800000000)
  region size 2048K, 7 young (14336K), 4 survivors (8192K)
 Metaspace       used 66683K, committed 67392K, reserved 1114112K
  class space    used 9351K, committed 9664K, reserved 1048576K
}
Event: 115.251 GC heap after
{Heap after GC invocations=61 (full 0):
 garbage-first heap   total 296960K, used 194560K [0x0000000740000000, 0x0000000800000000)
  region size 2048K, 1 young (2048K), 1 survivors (2048K)
 Metaspace       used 66683K, committed 67392K, reserved 1114112K
  class space    used 9351K, committed 9664K, reserved 1048576K
}
Event: 115.311 GC heap before
{Heap before GC invocations=61 (full 0):
 garbage-first heap   total 296960K, used 196608K [0x0000000740000000, 0x0000000800000000)
  region size 2048K, 3 young (6144K), 1 survivors (2048K)
 Metaspace       used 66694K, committed 67392K, reserved 1114112K
  class space    used 9351K, committed 9664K, reserved 1048576K
}
Event: 115.321 GC heap after
{Heap after GC invocations=62 (full 0):
 garbage-first heap   total 296960K, used 195223K [0x0000000740000000, 0x0000000800000000)
  region size 2048K, 2 young (4096K), 2 survivors (4096K)
 Metaspace       used 66694K, committed 67392K, reserved 1114112K
  class space    used 9351K, committed 9664K, reserved 1048576K
}
Event: 116.264 GC heap before
{Heap before GC invocations=63 (full 0):
 garbage-first heap   total 346112K, used 230039K [0x0000000740000000, 0x0000000800000000)
  region size 2048K, 16 young (32768K), 2 survivors (4096K)
 Metaspace       used 66696K, committed 67392K, reserved 1114112K
  class space    used 9351K, committed 9664K, reserved 1048576K
}
Event: 116.290 GC heap after
{Heap after GC invocations=64 (full 0):
 garbage-first heap   total 346112K, used 211365K [0x0000000740000000, 0x0000000800000000)
  region size 2048K, 2 young (4096K), 2 survivors (4096K)
 Metaspace       used 66696K, committed 67392K, reserved 1114112K
  class space    used 9351K, committed 9664K, reserved 1048576K
}
Event: 116.335 GC heap before
{Heap before GC invocations=64 (full 0):
 garbage-first heap   total 346112K, used 223653K [0x0000000740000000, 0x0000000800000000)
  region size 2048K, 8 young (16384K), 2 survivors (4096K)
 Metaspace       used 66696K, committed 67392K, reserved 1114112K
  class space    used 9351K, committed 9664K, reserved 1048576K
}
Event: 116.364 GC heap after
{Heap after GC invocations=65 (full 0):
 garbage-first heap   total 897024K, used 208615K [0x0000000740000000, 0x0000000800000000)
  region size 2048K, 1 young (2048K), 1 survivors (2048K)
 Metaspace       used 66696K, committed 67392K, reserved 1114112K
  class space    used 9351K, committed 9664K, reserved 1048576K
}
Event: 117.053 GC heap before
{Heap before GC invocations=65 (full 0):
 garbage-first heap   total 897024K, used 349927K [0x0000000740000000, 0x0000000800000000)
  region size 2048K, 70 young (143360K), 1 survivors (2048K)
 Metaspace       used 66701K, committed 67392K, reserved 1114112K
  class space    used 9351K, committed 9664K, reserved 1048576K
}
Event: 118.062 GC heap after
{Heap after GC invocations=66 (full 0):
 garbage-first heap   total 897024K, used 239052K [0x0000000740000000, 0x0000000800000000)
  region size 2048K, 9 young (18432K), 9 survivors (18432K)
 Metaspace       used 66701K, committed 67392K, reserved 1114112K
  class space    used 9351K, committed 9664K, reserved 1048576K
}
Event: 118.205 GC heap before
{Heap before GC invocations=66 (full 0):
 garbage-first heap   total 897024K, used 263628K [0x0000000740000000, 0x0000000800000000)
  region size 2048K, 21 young (43008K), 9 survivors (18432K)
 Metaspace       used 66701K, committed 67392K, reserved 1114112K
  class space    used 9351K, committed 9664K, reserved 1048576K
}
Event: 118.254 GC heap after
{Heap after GC invocations=67 (full 0):
 garbage-first heap   total 897024K, used 245760K [0x0000000740000000, 0x0000000800000000)
  region size 2048K, 3 young (6144K), 3 survivors (6144K)
 Metaspace       used 66701K, committed 67392K, reserved 1114112K
  class space    used 9351K, committed 9664K, reserved 1048576K
}
Event: 118.314 GC heap before
{Heap before GC invocations=67 (full 0):
 garbage-first heap   total 897024K, used 282624K [0x0000000740000000, 0x0000000800000000)
  region size 2048K, 21 young (43008K), 3 survivors (6144K)
 Metaspace       used 66701K, committed 67392K, reserved 1114112K
  class space    used 9351K, committed 9664K, reserved 1048576K
}
Event: 118.341 GC heap after
{Heap after GC invocations=68 (full 0):
 garbage-first heap   total 897024K, used 253952K [0x0000000740000000, 0x0000000800000000)
  region size 2048K, 3 young (6144K), 3 survivors (6144K)
 Metaspace       used 66701K, committed 67392K, reserved 1114112K
  class space    used 9351K, committed 9664K, reserved 1048576K
}
Event: 118.401 GC heap before
{Heap before GC invocations=68 (full 0):
 garbage-first heap   total 897024K, used 290816K [0x0000000740000000, 0x0000000800000000)
  region size 2048K, 21 young (43008K), 3 survivors (6144K)
 Metaspace       used 66701K, committed 67392K, reserved 1114112K
  class space    used 9351K, committed 9664K, reserved 1048576K
}

