# JRE version: Java(TM) SE Runtime Environment (17.0.12+8) (build 17.0.12+8-LTS-286)
# Java VM: Java HotSpot(TM) 64-Bit Server VM (17.0.12+8-LTS-286, mixed mode, sharing, tiered, compressed oops, compressed class ptrs, g1 gc, windows-amd64)
GC Precious Log:
 CPUs: 4 total, 4 available
 Memory: 3661M
 Large Page Support: Disabled
 NUMA Support: Disabled
 Compressed Oops: Enabled (Zero based)
 Heap Region Size: 2M
 Heap Min Capacity: 8M
 Heap Initial Capacity: 58M
 Heap Max Capacity: 3G
 Pre-touch: Disabled
 Parallel Workers: 4
 Concurrent Workers: 1
 Concurrent Refinement Workers: 4
 Periodic GC: Disabled
Heap:
 garbage-first heap   total 1083392K, used 339522K [0x0000000740000000, 0x0000000800000000)
  region size 2048K, 3 young (6144K), 3 survivors (6144K)
 Metaspace       used 66896K, committed 67584K, reserved 1114112K
  class space    used 9359K, committed 9664K, reserved 1048576K
GC Heap History (20 events):
Event: 329.988 GC heap after
{Heap after GC invocations=68 (full 0):
 garbage-first heap   total 389120K, used 195182K [0x0000000740000000, 0x0000000800000000)
  region size 2048K, 7 young (14336K), 7 survivors (14336K)
 Metaspace       used 66753K, committed 67520K, reserved 1114112K
  class space    used 9343K, committed 9664K, reserved 1048576K
}
Event: 330.347 GC heap before
{Heap before GC invocations=68 (full 0):
 garbage-first heap   total 389120K, used 195182K [0x0000000740000000, 0x0000000800000000)
  region size 2048K, 8 young (16384K), 7 survivors (14336K)
 Metaspace       used 66759K, committed 67520K, reserved 1114112K
  class space    used 9343K, committed 9664K, reserved 1048576K
}
Event: 330.520 GC heap after
{Heap after GC invocations=69 (full 0):
 garbage-first heap   total 389120K, used 199680K [0x0000000740000000, 0x0000000800000000)
  region size 2048K, 1 young (2048K), 1 survivors (2048K)
 Metaspace       used 66759K, committed 67520K, reserved 1114112K
  class space    used 9343K, committed 9664K, reserved 1048576K
}
Event: 332.809 GC heap before
{Heap before GC invocations=70 (full 0):
 garbage-first heap   total 389120K, used 269312K [0x0000000740000000, 0x0000000800000000)
  region size 2048K, 32 young (65536K), 1 survivors (2048K)
 Metaspace       used 66764K, committed 67520K, reserved 1114112K
  class space    used 9343K, committed 9664K, reserved 1048576K
}
Event: 332.843 GC heap after
{Heap after GC invocations=71 (full 0):
 garbage-first heap   total 389120K, used 221184K [0x0000000740000000, 0x0000000800000000)
  region size 2048K, 4 young (8192K), 4 survivors (8192K)
 Metaspace       used 66764K, committed 67520K, reserved 1114112K
  class space    used 9343K, committed 9664K, reserved 1048576K
}
Event: 332.890 GC heap before
{Heap before GC invocations=71 (full 0):
 garbage-first heap   total 389120K, used 231424K [0x0000000740000000, 0x0000000800000000)
  region size 2048K, 9 young (18432K), 4 survivors (8192K)
 Metaspace       used 66764K, committed 67520K, reserved 1114112K
  class space    used 9343K, committed 9664K, reserved 1048576K
}
Event: 332.910 GC heap after
{Heap after GC invocations=72 (full 0):
 garbage-first heap   total 389120K, used 221499K [0x0000000740000000, 0x0000000800000000)
  region size 2048K, 2 young (4096K), 2 survivors (4096K)
 Metaspace       used 66764K, committed 67520K, reserved 1114112K
  class space    used 9343K, committed 9664K, reserved 1048576K
}
Event: 333.020 GC heap before
{Heap before GC invocations=72 (full 0):
 garbage-first heap   total 389120K, used 278843K [0x0000000740000000, 0x0000000800000000)
  region size 2048K, 30 young (61440K), 2 survivors (4096K)
 Metaspace       used 66768K, committed 67520K, reserved 1114112K
  class space    used 9343K, committed 9664K, reserved 1048576K
}
Event: 333.039 GC heap after
{Heap after GC invocations=73 (full 0):
 garbage-first heap   total 389120K, used 233472K [0x0000000740000000, 0x0000000800000000)
  region size 2048K, 4 young (8192K), 4 survivors (8192K)
 Metaspace       used 66768K, committed 67520K, reserved 1114112K
  class space    used 9343K, committed 9664K, reserved 1048576K
}
Event: 333.143 GC heap before
{Heap before GC invocations=73 (full 0):
 garbage-first heap   total 389120K, used 290816K [0x0000000740000000, 0x0000000800000000)
  region size 2048K, 32 young (65536K), 4 survivors (8192K)
 Metaspace       used 66768K, committed 67520K, reserved 1114112K
  class space    used 9343K, committed 9664K, reserved 1048576K
}
Event: 333.291 GC heap after
{Heap after GC invocations=74 (full 0):
 garbage-first heap   total 1083392K, used 246108K [0x0000000740000000, 0x0000000800000000)
  region size 2048K, 4 young (8192K), 4 survivors (8192K)
 Metaspace       used 66768K, committed 67520K, reserved 1114112K
  class space    used 9343K, committed 9664K, reserved 1048576K
}
Event: 334.558 GC heap before
{Heap before GC invocations=75 (full 0):
 garbage-first heap   total 1083392K, used 409948K [0x0000000740000000, 0x0000000800000000)
  region size 2048K, 88 young (180224K), 4 survivors (8192K)
 Metaspace       used 66799K, committed 67520K, reserved 1114112K
  class space    used 9347K, committed 9664K, reserved 1048576K
}
Event: 334.941 GC heap after
{Heap after GC invocations=76 (full 0):
 garbage-first heap   total 1083392K, used 295449K [0x0000000740000000, 0x0000000800000000)
  region size 2048K, 11 young (22528K), 11 survivors (22528K)
 Metaspace       used 66799K, committed 67520K, reserved 1114112K
  class space    used 9347K, committed 9664K, reserved 1048576K
}
Event: 335.208 GC heap before
{Heap before GC invocations=76 (full 0):
 garbage-first heap   total 1083392K, used 326169K [0x0000000740000000, 0x0000000800000000)
  region size 2048K, 26 young (53248K), 11 survivors (22528K)
 Metaspace       used 66799K, committed 67520K, reserved 1114112K
  class space    used 9347K, committed 9664K, reserved 1048576K
}
Event: 335.300 GC heap after
{Heap after GC invocations=77 (full 0):
 garbage-first heap   total 1083392K, used 291840K [0x0000000740000000, 0x0000000800000000)
  region size 2048K, 4 young (8192K), 4 survivors (8192K)
 Metaspace       used 66799K, committed 67520K, reserved 1114112K
  class space    used 9347K, committed 9664K, reserved 1048576K
}
Event: 336.365 GC heap before
{Heap before GC invocations=77 (full 0):
 garbage-first heap   total 1083392K, used 336896K [0x0000000740000000, 0x0000000800000000)
  region size 2048K, 26 young (53248K), 4 survivors (8192K)
 Metaspace       used 66818K, committed 67520K, reserved 1114112K
  class space    used 9350K, committed 9664K, reserved 1048576K
}
Event: 337.678 GC heap after
{Heap after GC invocations=78 (full 0):
 garbage-first heap   total 1083392K, used 306176K [0x0000000740000000, 0x0000000800000000)
  region size 2048K, 4 young (8192K), 4 survivors (8192K)
 Metaspace       used 66818K, committed 67520K, reserved 1114112K
  class space    used 9350K, committed 9664K, reserved 1048576K
}
Event: 339.890 GC heap before
{Heap before GC invocations=78 (full 0):
 garbage-first heap   total 1083392K, used 351232K [0x0000000740000000, 0x0000000800000000)
  region size 2048K, 26 young (53248K), 4 survivors (8192K)
 Metaspace       used 66890K, committed 67584K, reserved 1114112K
  class space    used 9359K, committed 9664K, reserved 1048576K
}
Event: 351.794 GC heap after
{Heap after GC invocations=79 (full 0):
 garbage-first heap   total 1083392K, used 337492K [0x0000000740000000, 0x0000000800000000)
  region size 2048K, 4 young (8192K), 4 survivors (8192K)
 Metaspace       used 66890K, committed 67584K, reserved 1114112K
  class space    used 9359K, committed 9664K, reserved 1048576K
}
Event: 358.833 GC heap before
{Heap before GC invocations=79 (full 0):
 garbage-first heap   total 1083392K, used 376404K [0x0000000740000000, 0x0000000800000000)
  region size 2048K, 26 young (53248K), 4 survivors (8192K)
 Metaspace       used 66896K, committed 67584K, reserved 1114112K
  class space    used 9359K, committed 9664K, reserved 1048576K
}

